== Info:   Trying 10.1.4.95:80...
== Info: Connected to 10.1.4.95 (10.1.4.95) port 80
== Info: Server auth using Digest with user 'admin'
=> Send header, 144 bytes (0x90)
0000: POST /ISAPI/AccessControl/AcsEvent HTTP/1.1
002d: Host: 10.1.4.95
003e: User-Agent: curl/8.6.0
0056: Accept: */*
0063: Content-Type: text/xml
007b: Content-Length: 0
008e: 
<= Recv header, 27 bytes (0x1b)
0000: HTTP/1.1 401 Unauthorized
<= Recv header, 37 bytes (0x25)
0000: Date: Tue, 17 Dec 2024 09:47:48 GMT
<= Recv header, 33 bytes (0x21)
0000: X-Content-Type-Options: nosniff
<= Recv header, 29 bytes (0x1d)
0000: X-Frame-Options: SAMEORIGIN
<= Recv header, 33 bytes (0x21)
0000: X-XSS-Protection: 1; mode=block
<= Recv header, 21 bytes (0x15)
0000: Content-Length: 235
<= Recv header, 19 bytes (0x13)
0000: Connection: close
<= Recv header, 151 bytes (0x97)
0000: WWW-Authenticate: Digest qop="auth", realm="DS-fc59d11d", nonce=
0040: "ZDk2NGFmZDJlZGY4Yzc1ZWE2NDRlZmYxZGE4OGRlZDQ=", stale="false", o
0080: paque="", domain="::"
<= Recv header, 31 bytes (0x1f)
0000: Content-Type: application/xml
<= Recv header, 2 bytes (0x2)
0000: 
== Info: Closing connection
== Info: Issue another request to this URL: 'http://10.1.4.95/ISAPI/AccessControl/AcsEvent'
== Info: Hostname 10.1.4.95 was found in DNS cache
== Info:   Trying 10.1.4.95:80...
== Info: Connected to 10.1.4.95 (10.1.4.95) port 80
== Info: Server auth using Digest with user 'admin'
=> Send header, 432 bytes (0x1b0)
0000: POST /ISAPI/AccessControl/AcsEvent HTTP/1.1
002d: Host: 10.1.4.95
003e: Authorization: Digest username="admin", realm="DS-fc59d11d", non
007e: ce="ZDk2NGFmZDJlZGY4Yzc1ZWE2NDRlZmYxZGE4OGRlZDQ=", uri="/ISAPI/A
00be: ccessControl/AcsEvent", cnonce="M2NiZTc3MDkxMTRhMGNmZWI3MzYyNjVi
00fe: MmYxNjNlMTQ=", nc=00000001, qop=auth, response="355b479a293fb3a5
013e: 771a46958bd9afcb", opaque=""
015c: User-Agent: curl/8.6.0
0174: Accept: */*
0181: Content-Type: text/xml
0199: Content-Length: 212
01ae: 
=> Send data, 212 bytes (0xd4)
0000: <AcsEventCond xmlns="http://www.hikvision.com/ver10/XMLSchema"><
0040: searchID>123456</searchID><maxResults>30</maxResults><startTime>
0080: 2024-12-01T00:00:00</startTime><endTime>2024-12-17T23:59:59</end
00c0: Time></AcsEventCond>
<= Recv header, 26 bytes (0x1a)
0000: HTTP/1.1 400 Bad Request
<= Recv header, 37 bytes (0x25)
0000: Date: Tue, 17 Dec 2024 09:47:48 GMT
<= Recv header, 33 bytes (0x21)
0000: X-Content-Type-Options: nosniff
<= Recv header, 29 bytes (0x1d)
0000: X-Frame-Options: SAMEORIGIN
<= Recv header, 33 bytes (0x21)
0000: X-XSS-Protection: 1; mode=block
<= Recv header, 21 bytes (0x15)
0000: Content-Length: 353
<= Recv header, 19 bytes (0x13)
0000: Connection: close
<= Recv header, 31 bytes (0x1f)
0000: Content-Type: application/xml
<= Recv header, 2 bytes (0x2)
0000: 
<= Recv data, 353 bytes (0x161)
0000: <?xml version="1.0" encoding="UTF-8"?>
0028: <ResponseStatus version="1.0" xmlns="http://www.hikvision.com/ve
0068: r10/XMLSchema">.<requestURL></requestURL>.<statusCode>5</statusC
00a8: ode>.<statusString>Invalid Format</statusString>.<subStatusCode>
00e8: badJsonFormat</subStatusCode>.<errorCode>1342177282</errorCode>.
0128: <errorMsg>JSON format error</errorMsg>.</ResponseStatus>.
== Info: Closing connection
